[0.411s] Invoking command in '/root/CSE276A_Fall24/cse276a_ws/src/build/rb5_ros2_vision': AMENT_PREFIX_PATH=/root/CSE276A_Fall24/cse276a_ws/src/install/cv_bridge:${AMENT_PREFIX_PATH} CMAKE_PREFIX_PATH=/root/CSE276A_Fall24/cse276a_ws/src/install/cv_bridge:/root/CSE276A_Fall24/cse276a_ws/install/cv_bridge:/root/CSE276A_Fall24/cse276a_ws/install/ros2_april_detection:/root/CSE276A_Fall24/cse276a_ws/install/rb5_ros2_vision:/root/CSE276A_Fall24/cse276a_ws/install/rb5_ros2_control:/root/CSE276A_Fall24/cse276a_ws/install/key_joy:/opt/ros/foxy LD_LIBRARY_PATH=/root/CSE276A_Fall24/cse276a_ws/src/install/cv_bridge/lib:${LD_LIBRARY_PATH} PYTHONPATH=/root/CSE276A_Fall24/cse276a_ws/src/install/cv_bridge/lib/python3.8/site-packages:${PYTHONPATH} _=/usr/bin/env /usr/bin/cmake /root/CSE276A_Fall24/cse276a_ws/src/rb5_ros2/rb5_ros2_vision -DCMAKE_INSTALL_PREFIX=/root/CSE276A_Fall24/cse276a_ws/src/install/rb5_ros2_vision
[0.649s] -- The C compiler identification is GNU 9.4.0
[0.858s] -- The CXX compiler identification is GNU 9.4.0
[0.863s] -- Check for working C compiler: /usr/bin/cc
[1.211s] -- Check for working C compiler: /usr/bin/cc -- works
[1.215s] -- Detecting C compiler ABI info
[1.476s] -- Detecting C compiler ABI info - done
[1.501s] -- Detecting C compile features
[1.501s] -- Detecting C compile features - done
[1.504s] -- Check for working CXX compiler: /usr/bin/c++
[1.836s] -- Check for working CXX compiler: /usr/bin/c++ -- works
[1.841s] -- Detecting CXX compiler ABI info
[2.161s] -- Detecting CXX compiler ABI info - done
[2.186s] -- Detecting CXX compile features
[2.188s] -- Detecting CXX compile features - done
[2.190s] -- Found ament_cmake: 0.9.12 (/opt/ros/foxy/share/ament_cmake/cmake)
[2.239s] -- Found PythonInterp: /usr/bin/python3 (found suitable version "3.8.10", minimum required is "3") 
[2.241s] -- Using PYTHON_EXECUTABLE: /usr/bin/python3
[2.460s] -- Found rclcpp: 2.4.3 (/opt/ros/foxy/share/rclcpp/cmake)
[2.504s] -- Using all available rosidl_typesupport_c: rosidl_typesupport_fastrtps_c;rosidl_typesupport_introspection_c
[2.511s] -- Found rosidl_adapter: 1.3.1 (/opt/ros/foxy/share/rosidl_adapter/cmake)
[2.993s] -- Found OpenSSL: /usr/lib/aarch64-linux-gnu/libcrypto.so (found version "1.1.1f")  
[3.027s] -- Found FastRTPS: /opt/ros/foxy/include  
[3.131s] -- Using all available rosidl_typesupport_cpp: rosidl_typesupport_fastrtps_cpp;rosidl_typesupport_introspection_cpp
[3.188s] -- Found rmw_implementation_cmake: 1.0.4 (/opt/ros/foxy/share/rmw_implementation_cmake/cmake)
[3.189s] -- Using RMW implementation 'rmw_fastrtps_cpp' as default
[3.190s] -- Looking for pthread.h
[3.509s] -- Looking for pthread.h - found
[3.510s] -- Performing Test CMAKE_HAVE_LIBC_PTHREAD
[3.894s] -- Performing Test CMAKE_HAVE_LIBC_PTHREAD - Failed
[3.895s] -- Looking for pthread_create in pthreads
[4.212s] -- Looking for pthread_create in pthreads - not found
[4.213s] -- Looking for pthread_create in pthread
[4.567s] -- Looking for pthread_create in pthread - found
[4.575s] -- Found Threads: TRUE  
[4.749s] -- Found sensor_msgs: 2.0.5 (/opt/ros/foxy/share/sensor_msgs/cmake)
[4.855s] -- Found cv_bridge: 3.0.7 (/root/CSE276A_Fall24/cse276a_ws/src/install/cv_bridge/share/cv_bridge/cmake)
[4.884s] -- Found OpenCV: /usr (found version "4.2.0") 
[4.897s] -- Found PkgConfig: /usr/bin/pkg-config (found version "0.29.1") 
[4.897s] -- Checking for module 'gstreamer-1.0>=1.8'
[5.012s] --   Found gstreamer-1.0, version 1.16.3
[5.301s] -- Checking for one of the modules 'glib-2.0'
[5.659s] -- Checking for module 'gstreamer-1.0'
[5.781s] --   Found gstreamer-1.0, version 1.16.3
[6.125s] -- Checking for module 'gstreamer-app-1.0'
[6.261s] --   Found gstreamer-app-1.0, version 1.16.3
[6.631s] -- Checking for module 'gstreamer-video-1.0'
[6.759s] --   Found gstreamer-video-1.0, version 1.16.3
[7.104s] -- Check if compiler accepts -pthread
[7.495s] -- Check if compiler accepts -pthread - yes
[7.540s] -- Found ament_lint_auto: 0.9.8 (/opt/ros/foxy/share/ament_lint_auto/cmake)
[7.729s] -- Added test 'copyright' to check source files copyright and LICENSE
[7.732s] -- Added test 'cppcheck' to perform static code analysis on C / C++ code
[7.734s] -- Configured cppcheck include dirs: /root/CSE276A_Fall24/cse276a_ws/src/rb5_ros2/rb5_ros2_vision/include/rb5_ros2_vision
[7.736s] -- Configured cppcheck exclude dirs and/or files: 
[7.737s] -- Added test 'cpplint' to check C / C++ code against the Google style
[7.739s] -- Configured cpplint exclude dirs and/or files: 
[7.741s] -- Added test 'flake8' to check Python code syntax and style conventions
[7.742s] -- Added test 'lint_cmake' to check CMake code style
[7.743s] -- Added test 'pep257' to check Python code against some of the style conventions in PEP 257
[7.745s] -- Added test 'uncrustify' to check C / C++ code style
[7.746s] -- Configured uncrustify additional arguments: 
[7.747s] -- Added test 'xmllint' to check XML markup files
[7.750s] -- Configuring done
[7.773s] -- Generating done
[7.776s] -- Build files have been written to: /root/CSE276A_Fall24/cse276a_ws/src/build/rb5_ros2_vision
[7.796s] Invoked command in '/root/CSE276A_Fall24/cse276a_ws/src/build/rb5_ros2_vision' returned '0': AMENT_PREFIX_PATH=/root/CSE276A_Fall24/cse276a_ws/src/install/cv_bridge:${AMENT_PREFIX_PATH} CMAKE_PREFIX_PATH=/root/CSE276A_Fall24/cse276a_ws/src/install/cv_bridge:/root/CSE276A_Fall24/cse276a_ws/install/cv_bridge:/root/CSE276A_Fall24/cse276a_ws/install/ros2_april_detection:/root/CSE276A_Fall24/cse276a_ws/install/rb5_ros2_vision:/root/CSE276A_Fall24/cse276a_ws/install/rb5_ros2_control:/root/CSE276A_Fall24/cse276a_ws/install/key_joy:/opt/ros/foxy LD_LIBRARY_PATH=/root/CSE276A_Fall24/cse276a_ws/src/install/cv_bridge/lib:${LD_LIBRARY_PATH} PYTHONPATH=/root/CSE276A_Fall24/cse276a_ws/src/install/cv_bridge/lib/python3.8/site-packages:${PYTHONPATH} _=/usr/bin/env /usr/bin/cmake /root/CSE276A_Fall24/cse276a_ws/src/rb5_ros2/rb5_ros2_vision -DCMAKE_INSTALL_PREFIX=/root/CSE276A_Fall24/cse276a_ws/src/install/rb5_ros2_vision
[7.808s] Invoking command in '/root/CSE276A_Fall24/cse276a_ws/src/build/rb5_ros2_vision': AMENT_PREFIX_PATH=/root/CSE276A_Fall24/cse276a_ws/src/install/cv_bridge:${AMENT_PREFIX_PATH} CMAKE_PREFIX_PATH=/root/CSE276A_Fall24/cse276a_ws/src/install/cv_bridge:/root/CSE276A_Fall24/cse276a_ws/install/cv_bridge:/root/CSE276A_Fall24/cse276a_ws/install/ros2_april_detection:/root/CSE276A_Fall24/cse276a_ws/install/rb5_ros2_vision:/root/CSE276A_Fall24/cse276a_ws/install/rb5_ros2_control:/root/CSE276A_Fall24/cse276a_ws/install/key_joy:/opt/ros/foxy LD_LIBRARY_PATH=/root/CSE276A_Fall24/cse276a_ws/src/install/cv_bridge/lib:${LD_LIBRARY_PATH} PYTHONPATH=/root/CSE276A_Fall24/cse276a_ws/src/install/cv_bridge/lib/python3.8/site-packages:${PYTHONPATH} _=/usr/bin/env /usr/bin/cmake --build /root/CSE276A_Fall24/cse276a_ws/src/build/rb5_ros2_vision -- -j8 -l8
[8.024s] [35m[1mScanning dependencies of target rb_camera_ocv_node[0m
[8.215s] [ 50%] [32mBuilding CXX object CMakeFiles/rb_camera_ocv_node.dir/src/rb_camera_ocv_node.cpp.o[0m
[8.632s] In file included from [01m[K/root/CSE276A_Fall24/cse276a_ws/src/rb5_ros2/rb5_ros2_vision/src/rb_camera_ocv_node.cpp:1[m[K:
[8.633s] [01m[K/root/CSE276A_Fall24/cse276a_ws/src/rb5_ros2/rb5_ros2_vision/include/rb5_ros2_vision/rb_camera_ocv.h:9:10:[m[K [01;31m[Kfatal error: [m[Kcv_bridge/cv_bridge.h: No such file or directory
[8.635s]     9 | #include [01;31m[K<cv_bridge/cv_bridge.h>[m[K
[8.636s]       |          [01;31m[K^~~~~~~~~~~~~~~~~~~~~~~[m[K
[8.639s] compilation terminated.
[8.661s] make[2]: *** [CMakeFiles/rb_camera_ocv_node.dir/build.make:63: CMakeFiles/rb_camera_ocv_node.dir/src/rb_camera_ocv_node.cpp.o] Error 1
[8.666s] make[1]: *** [CMakeFiles/Makefile2:78: CMakeFiles/rb_camera_ocv_node.dir/all] Error 2
[8.668s] make: *** [Makefile:141: all] Error 2
[8.692s] Invoked command in '/root/CSE276A_Fall24/cse276a_ws/src/build/rb5_ros2_vision' returned '2': AMENT_PREFIX_PATH=/root/CSE276A_Fall24/cse276a_ws/src/install/cv_bridge:${AMENT_PREFIX_PATH} CMAKE_PREFIX_PATH=/root/CSE276A_Fall24/cse276a_ws/src/install/cv_bridge:/root/CSE276A_Fall24/cse276a_ws/install/cv_bridge:/root/CSE276A_Fall24/cse276a_ws/install/ros2_april_detection:/root/CSE276A_Fall24/cse276a_ws/install/rb5_ros2_vision:/root/CSE276A_Fall24/cse276a_ws/install/rb5_ros2_control:/root/CSE276A_Fall24/cse276a_ws/install/key_joy:/opt/ros/foxy LD_LIBRARY_PATH=/root/CSE276A_Fall24/cse276a_ws/src/install/cv_bridge/lib:${LD_LIBRARY_PATH} PYTHONPATH=/root/CSE276A_Fall24/cse276a_ws/src/install/cv_bridge/lib/python3.8/site-packages:${PYTHONPATH} _=/usr/bin/env /usr/bin/cmake --build /root/CSE276A_Fall24/cse276a_ws/src/build/rb5_ros2_vision -- -j8 -l8
