CMake Error: The current CMakeCache.txt directory /root/CSE276A_Fall24/cse276a_ws/build/ros2_april_detection/CMakeCache.txt is different than the directory /root/cse276a_ws/build/ros2_april_detection where CMakeCache.txt was created. This may result in binaries being created in the wrong place. If you are not sure, reedit the CMakeCache.txt
-- Found ament_cmake: 0.9.12 (/opt/ros/foxy/share/ament_cmake/cmake)
-- Using PYTHON_EXECUTABLE: /usr/bin/python3
Traceback (most recent call last):
  File "/opt/ros/foxy/share/ament_cmake_core/cmake/package_templates/templates_2_cmake.py", line 21, in <module>
    from ament_package.templates import get_environment_hook_template_path
ModuleNotFoundError: No module named 'ament_package'
CMake Error at /opt/ros/foxy/share/ament_cmake_core/cmake/ament_cmake_package_templates-extras.cmake:41 (message):
  execute_process(/usr/bin/python3
  /opt/ros/foxy/share/ament_cmake_core/cmake/package_templates/templates_2_cmake.py
  /root/cse276a_ws/build/ros2_april_detection/ament_cmake_package_templates/templates.cmake)
  returned error code 1
Call Stack (most recent call first):
  /opt/ros/foxy/share/ament_cmake_core/cmake/ament_cmake_coreConfig.cmake:41 (include)
  /opt/ros/foxy/share/ament_cmake/cmake/ament_cmake_export_dependencies-extras.cmake:15 (find_package)
  /opt/ros/foxy/share/ament_cmake/cmake/ament_cmakeConfig.cmake:41 (include)
  CMakeLists.txt:19 (find_package)


-- Configuring incomplete, errors occurred!
See also "/root/cse276a_ws/build/ros2_april_detection/CMakeFiles/CMakeOutput.log".
See also "/root/cse276a_ws/build/ros2_april_detection/CMakeFiles/CMakeError.log".
make: *** [Makefile:296: cmake_check_build_system] Error 1
