[0.097s] Invoking command in '/root/CSE276A_Fall24/cse276a_ws/build/ros2_april_detection': _=/usr/bin/env /usr/bin/cmake --build /root/CSE276A_Fall24/cse276a_ws/build/ros2_april_detection -- -j8 -l8
[0.113s] CMake Error: The current CMakeCache.txt directory /root/CSE276A_Fall24/cse276a_ws/build/ros2_april_detection/CMakeCache.txt is different than the directory /root/cse276a_ws/build/ros2_april_detection where CMakeCache.txt was created. This may result in binaries being created in the wrong place. If you are not sure, reedit the CMakeCache.txt
[0.184s] -- Found ament_cmake: 0.9.12 (/opt/ros/foxy/share/ament_cmake/cmake)
[0.225s] -- Using PYTHON_EXECUTABLE: /usr/bin/python3
[0.273s] Traceback (most recent call last):
[0.274s]   File "/opt/ros/foxy/share/ament_cmake_core/cmake/package_templates/templates_2_cmake.py", line 21, in <module>
[0.275s]     from ament_package.templates import get_environment_hook_template_path
[0.276s] ModuleNotFoundError: No module named 'ament_package'
[0.292s] CMake Error at /opt/ros/foxy/share/ament_cmake_core/cmake/ament_cmake_package_templates-extras.cmake:41 (message):
[0.292s]   execute_process(/usr/bin/python3
[0.293s]   /opt/ros/foxy/share/ament_cmake_core/cmake/package_templates/templates_2_cmake.py
[0.293s]   /root/cse276a_ws/build/ros2_april_detection/ament_cmake_package_templates/templates.cmake)
[0.294s]   returned error code 1
[0.294s] Call Stack (most recent call first):
[0.295s]   /opt/ros/foxy/share/ament_cmake_core/cmake/ament_cmake_coreConfig.cmake:41 (include)
[0.296s]   /opt/ros/foxy/share/ament_cmake/cmake/ament_cmake_export_dependencies-extras.cmake:15 (find_package)
[0.296s]   /opt/ros/foxy/share/ament_cmake/cmake/ament_cmakeConfig.cmake:41 (include)
[0.297s]   CMakeLists.txt:19 (find_package)
[0.298s] 
[0.298s] 
[0.303s] -- Configuring incomplete, errors occurred!
[0.304s] See also "/root/cse276a_ws/build/ros2_april_detection/CMakeFiles/CMakeOutput.log".
[0.304s] See also "/root/cse276a_ws/build/ros2_april_detection/CMakeFiles/CMakeError.log".
[0.305s] make: *** [Makefile:296: cmake_check_build_system] Error 1
[0.312s] Invoked command in '/root/CSE276A_Fall24/cse276a_ws/build/ros2_april_detection' returned '2': _=/usr/bin/env /usr/bin/cmake --build /root/CSE276A_Fall24/cse276a_ws/build/ros2_april_detection -- -j8 -l8
