[0.054s] Invoking command in '/root/CSE276A_Fall24/cse276a_ws/build/rb5_ros2_control': _=/usr/bin/env /usr/bin/cmake --build /root/CSE276A_Fall24/cse276a_ws/build/rb5_ros2_control -- -j8 -l8
[0.118s] CMake Error: The current CMakeCache.txt directory /root/CSE276A_Fall24/cse276a_ws/build/rb5_ros2_control/CMakeCache.txt is different than the directory /root/cse276a_ws/build/rb5_ros2_control where CMakeCache.txt was created. This may result in binaries being created in the wrong place. If you are not sure, reedit the CMakeCache.txt
[0.222s] -- Found ament_cmake: 0.9.12 (/opt/ros/foxy/share/ament_cmake/cmake)
[0.288s] -- Using PYTHON_EXECUTABLE: /usr/bin/python3
[0.343s] Traceback (most recent call last):
[0.343s]   File "/opt/ros/foxy/share/ament_cmake_core/cmake/package_templates/templates_2_cmake.py", line 21, in <module>
[0.344s]     from ament_package.templates import get_environment_hook_template_path
[0.344s] ModuleNotFoundError: No module named 'ament_package'
[0.347s] CMake Error at /opt/ros/foxy/share/ament_cmake_core/cmake/ament_cmake_package_templates-extras.cmake:41 (message):
[0.348s]   execute_process(/usr/bin/python3
[0.351s]   /opt/ros/foxy/share/ament_cmake_core/cmake/package_templates/templates_2_cmake.py
[0.352s]   /root/cse276a_ws/build/rb5_ros2_control/ament_cmake_package_templates/templates.cmake)
[0.355s]   returned error code 1
[0.362s] Call Stack (most recent call first):
[0.365s]   /opt/ros/foxy/share/ament_cmake_core/cmake/ament_cmake_coreConfig.cmake:41 (include)
[0.365s]   /opt/ros/foxy/share/ament_cmake/cmake/ament_cmake_export_dependencies-extras.cmake:15 (find_package)
[0.366s]   /opt/ros/foxy/share/ament_cmake/cmake/ament_cmakeConfig.cmake:41 (include)
[0.366s]   CMakeLists.txt:19 (find_package)
[0.367s] 
[0.368s] 
[0.368s] -- Configuring incomplete, errors occurred!
[0.369s] See also "/root/cse276a_ws/build/rb5_ros2_control/CMakeFiles/CMakeOutput.log".
[0.374s] See also "/root/cse276a_ws/build/rb5_ros2_control/CMakeFiles/CMakeError.log".
[0.381s] make: *** [Makefile:222: cmake_check_build_system] Error 1
[0.393s] Invoked command in '/root/CSE276A_Fall24/cse276a_ws/build/rb5_ros2_control' returned '2': _=/usr/bin/env /usr/bin/cmake --build /root/CSE276A_Fall24/cse276a_ws/build/rb5_ros2_control -- -j8 -l8
